Arguments: 
  /home/maaviasghar4/.nvm/versions/node/v12.18.3/bin/node /usr/share/yarn/bin/yarn.js add faunadb

PATH: 
  /home/maaviasghar4/.nvm/versions/node/v12.18.3/bin:/usr/local/sbin:/usr/local/bin:/usr/sbin:/usr/bin:/sbin:/bin:/usr/games:/usr/local/games:/snap/bin

Yarn version: 
  1.22.5

Node version: 
  12.18.3

Platform: 
  linux x64

Trace: 
  SyntaxError: /home/maaviasghar4/.cache/yarn/v6/npm-abort-controller-3.0.0-eaf54d53b62bae4138e809ca225c8439a6efb392-integrity/node_modules/abort-controller/.yarn-metadata.json: Unexpected end of JSON input
      at JSON.parse (<anonymous>)
      at /usr/share/yarn/lib/cli.js:1625:59
      at Generator.next (<anonymous>)
      at step (/usr/share/yarn/lib/cli.js:310:30)
      at /usr/share/yarn/lib/cli.js:321:13

npm manifest: 
  {
    "name": "apollo-graphql",
    "version": "1.0.0",
    "description": "netlify functions:create - set up for apollo graphql",
    "main": "apollo-graphql.js",
    "scripts": {
      "test": "echo \"Error: no test specified\" && exit 1"
    },
    "keywords": [
      "netlify",
      "serverless",
      "js",
      "apollo"
    ],
    "author": "Netlify",
    "license": "MIT",
    "dependencies": {
      "apollo-server-lambda": "^2.18.2",
      "graphql": "^14.1.1"
    }
  }

yarn manifest: 
  No manifest

Lockfile: 
  No lockfile
